[2019-06-06 16:57:05,527[daily_basic] ERROR: code=000001.SZ
NoneType: None
[2019-06-06 16:57:06,777[daily_basic] ERROR: code=000002.SZ
NoneType: None
[2019-06-06 16:57:07,843[daily_basic] ERROR: code=000004.SZ
NoneType: None
[2019-06-06 16:57:08,788[daily_basic] ERROR: code=000005.SZ
NoneType: None
[2019-06-06 16:57:09,691[daily_basic] ERROR: code=000006.SZ
NoneType: None
[2019-06-06 16:57:10,834[daily_basic] ERROR: code=000007.SZ
NoneType: None
[2019-06-06 16:57:11,798[daily_basic] ERROR: code=000008.SZ
NoneType: None
[2019-06-06 16:57:12,879[daily_basic] ERROR: code=000009.SZ
NoneType: None
[2019-06-06 16:57:14,061[daily_basic] ERROR: code=000010.SZ
NoneType: None
[2019-06-06 16:57:15,202[daily_basic] ERROR: code=000011.SZ
NoneType: None
[2019-06-06 16:57:16,194[daily_basic] ERROR: code=000012.SZ
NoneType: None
[2019-06-06 16:57:17,316[daily_basic] ERROR: code=000014.SZ
NoneType: None
[2019-06-06 16:57:18,409[daily_basic] ERROR: code=000016.SZ
NoneType: None
[2019-06-06 16:57:19,351[daily_basic] ERROR: code=000017.SZ
NoneType: None
[2019-06-06 16:57:20,374[daily_basic] ERROR: code=000018.SZ
NoneType: None
[2019-06-06 16:57:21,989[daily_basic] ERROR: code=000019.SZ
NoneType: None
[2019-06-06 16:57:22,961[daily_basic] ERROR: code=000020.SZ
NoneType: None
[2019-06-06 16:57:24,209[daily_basic] ERROR: code=000021.SZ
NoneType: None
[2019-06-06 16:57:25,121[daily_basic] ERROR: code=000023.SZ
NoneType: None
[2019-06-06 16:57:26,154[daily_basic] ERROR: code=000025.SZ
NoneType: None
[2019-06-06 16:57:27,219[daily_basic] ERROR: code=000026.SZ
NoneType: None
[2019-06-06 16:57:28,175[daily_basic] ERROR: code=000027.SZ
NoneType: None
[2019-06-06 16:57:29,164[daily_basic] ERROR: code=000028.SZ
NoneType: None
[2019-06-06 16:57:30,235[daily_basic] ERROR: code=000029.SZ
NoneType: None
[2019-06-06 16:57:34,181[daily_basic] ERROR: code=000030.SZ
NoneType: None
[2019-06-06 16:57:35,139[daily_basic] ERROR: code=000031.SZ
NoneType: None
[2019-06-06 16:57:36,190[daily_basic] ERROR: code=000032.SZ
NoneType: None
[2019-06-06 16:57:37,139[daily_basic] ERROR: code=000034.SZ
NoneType: None
[2019-06-06 16:57:38,086[daily_basic] ERROR: code=000035.SZ
NoneType: None
[2019-06-06 16:57:39,085[daily_basic] ERROR: code=000036.SZ
NoneType: None
[2019-06-06 16:57:40,065[daily_basic] ERROR: code=000037.SZ
NoneType: None
[2019-06-06 16:57:41,334[daily_basic] ERROR: code=000038.SZ
NoneType: None
[2019-06-06 16:57:42,499[daily_basic] ERROR: code=000039.SZ
NoneType: None
[2019-06-06 16:57:43,656[daily_basic] ERROR: code=000040.SZ
NoneType: None
[2019-06-06 16:57:44,835[daily_basic] ERROR: code=000042.SZ
NoneType: None
[2019-06-06 16:57:45,841[daily_basic] ERROR: code=000043.SZ
NoneType: None
[2019-06-06 16:57:46,829[daily_basic] ERROR: code=000045.SZ
NoneType: None
[2019-06-06 16:57:47,891[daily_basic] ERROR: code=000046.SZ
NoneType: None
[2019-06-06 16:57:48,938[daily_basic] ERROR: code=000048.SZ
NoneType: None
[2019-06-06 16:57:50,061[daily_basic] ERROR: code=000049.SZ
NoneType: None
[2019-06-06 16:57:51,187[daily_basic] ERROR: code=000050.SZ
NoneType: None
[2019-06-06 16:57:55,414[daily_basic] ERROR: code=000055.SZ
NoneType: None
[2019-06-06 16:57:56,633[daily_basic] ERROR: code=000056.SZ
NoneType: None
[2019-06-06 16:57:57,775[daily_basic] ERROR: code=000058.SZ
NoneType: None
[2019-06-06 16:57:58,847[daily_basic] ERROR: code=000059.SZ
NoneType: None
[2019-06-06 16:58:00,105[daily_basic] ERROR: code=000060.SZ
NoneType: None
[2019-06-06 16:58:01,201[daily_basic] ERROR: code=000061.SZ
NoneType: None
[2019-06-06 16:58:02,319[daily_basic] ERROR: code=000062.SZ
NoneType: None
[2019-06-06 16:58:03,604[daily_basic] ERROR: code=000063.SZ
NoneType: None
[2019-06-06 16:58:07,841[daily_basic] ERROR: code=000065.SZ
NoneType: None
[2019-06-06 16:58:09,052[daily_basic] ERROR: code=000066.SZ
NoneType: None
[2019-06-06 16:58:10,043[daily_basic] ERROR: code=000068.SZ
NoneType: None
[2019-06-06 16:58:11,311[daily_basic] ERROR: code=000069.SZ
NoneType: None
[2019-06-06 16:58:12,520[daily_basic] ERROR: code=000070.SZ
NoneType: None
[2019-06-06 16:58:13,611[daily_basic] ERROR: code=000078.SZ
NoneType: None
[2019-06-06 16:58:14,719[daily_basic] ERROR: code=000088.SZ
NoneType: None
[2019-06-06 16:58:15,889[daily_basic] ERROR: code=000089.SZ
NoneType: None
[2019-06-06 16:58:17,041[daily_basic] ERROR: code=000090.SZ
NoneType: None
[2019-06-06 16:58:18,300[daily_basic] ERROR: code=000096.SZ
NoneType: None
[2019-06-06 16:58:19,396[daily_basic] ERROR: code=000099.SZ
NoneType: None
[2019-06-06 16:58:20,220[daily_basic] ERROR: code=000100.SZ
NoneType: None
[2019-06-06 16:58:21,330[daily_basic] ERROR: code=000150.SZ
NoneType: None
[2019-06-06 16:58:22,446[daily_basic] ERROR: code=000151.SZ
NoneType: None
[2019-06-06 16:58:23,491[daily_basic] ERROR: code=000153.SZ
NoneType: None
[2019-06-06 16:58:24,637[daily_basic] ERROR: code=000155.SZ
NoneType: None
[2019-06-06 16:58:25,617[daily_basic] ERROR: code=000156.SZ
NoneType: None
[2019-06-06 16:58:26,544[daily_basic] ERROR: code=000157.SZ
NoneType: None
[2019-06-06 16:58:27,567[daily_basic] ERROR: code=000158.SZ
NoneType: None
[2019-06-06 16:58:28,567[daily_basic] ERROR: code=000159.SZ
NoneType: None
[2019-06-06 16:58:28,735[daily_basic] ERROR: 错误code=000166.SZ
Traceback (most recent call last):
  File "G:/gp/D_QUANT/v2/data/daily_basic.py", line 52, in save_gp_info
    gp_info.insert(json.loads(data.reset_index().to_json(orient='records')))
  File "C:\anoconda3\lib\site-packages\pymongo\collection.py", line 3161, in insert
    check_keys, manipulate, write_concern)
  File "C:\anoconda3\lib\site-packages\pymongo\collection.py", line 641, in _insert
    blk.execute(write_concern, session=session)
  File "C:\anoconda3\lib\site-packages\pymongo\bulk.py", line 503, in execute
    raise InvalidOperation('No operations to execute')
pymongo.errors.InvalidOperation: No operations to execute
[2019-06-06 16:58:28,959[daily_basic] ERROR: code=000166.SZ
NoneType: None
[2019-06-06 16:58:29,992[daily_basic] ERROR: code=000301.SZ
NoneType: None
[2019-06-06 16:58:30,201[daily_basic] ERROR: 错误code=000333.SZ
Traceback (most recent call last):
  File "G:/gp/D_QUANT/v2/data/daily_basic.py", line 52, in save_gp_info
    gp_info.insert(json.loads(data.reset_index().to_json(orient='records')))
  File "C:\anoconda3\lib\site-packages\pymongo\collection.py", line 3161, in insert
    check_keys, manipulate, write_concern)
  File "C:\anoconda3\lib\site-packages\pymongo\collection.py", line 641, in _insert
    blk.execute(write_concern, session=session)
  File "C:\anoconda3\lib\site-packages\pymongo\bulk.py", line 503, in execute
    raise InvalidOperation('No operations to execute')
pymongo.errors.InvalidOperation: No operations to execute
[2019-06-06 16:58:30,445[daily_basic] ERROR: code=000333.SZ
NoneType: None
[2019-06-06 16:58:31,057[daily_basic] ERROR: code=000338.SZ
NoneType: None
[2019-06-06 16:58:32,082[daily_basic] ERROR: code=000400.SZ
NoneType: None
[2019-06-06 16:58:33,131[daily_basic] ERROR: code=000401.SZ
NoneType: None
[2019-06-06 16:58:34,318[daily_basic] ERROR: code=000402.SZ
NoneType: None
[2019-06-06 16:58:35,311[daily_basic] ERROR: code=000403.SZ
NoneType: None
[2019-06-06 16:58:36,428[daily_basic] ERROR: code=000404.SZ
NoneType: None
[2019-06-06 16:58:37,589[daily_basic] ERROR: code=000407.SZ
NoneType: None
[2019-06-06 16:58:38,615[daily_basic] ERROR: code=000408.SZ
NoneType: None
[2019-06-06 16:58:39,589[daily_basic] ERROR: code=000409.SZ
NoneType: None
[2019-06-06 16:58:40,861[daily_basic] ERROR: code=000410.SZ
NoneType: None
[2019-06-06 16:58:41,916[daily_basic] ERROR: code=000411.SZ
NoneType: None
[2019-06-06 16:58:43,180[daily_basic] ERROR: code=000413.SZ
NoneType: None
[2019-06-06 16:58:44,330[daily_basic] ERROR: code=000415.SZ
NoneType: None
[2019-06-06 16:58:45,497[daily_basic] ERROR: code=000416.SZ
NoneType: None
[2019-06-06 16:58:46,811[daily_basic] ERROR: code=000417.SZ
NoneType: None
[2019-06-06 16:58:47,907[daily_basic] ERROR: code=000418.SZ
NoneType: None
[2019-06-06 16:58:49,068[daily_basic] ERROR: code=000419.SZ
NoneType: None
[2019-06-06 16:58:50,177[daily_basic] ERROR: code=000420.SZ
NoneType: None
[2019-06-06 16:58:51,625[daily_basic] ERROR: code=000421.SZ
NoneType: None
[2019-06-06 16:58:52,790[daily_basic] ERROR: code=000422.SZ
NoneType: None
[2019-06-06 16:58:54,005[daily_basic] ERROR: code=000423.SZ
NoneType: None
[2019-06-06 16:58:55,167[daily_basic] ERROR: code=000425.SZ
NoneType: None
[2019-06-06 16:58:56,284[daily_basic] ERROR: code=000426.SZ
NoneType: None
[2019-06-06 16:58:57,458[daily_basic] ERROR: code=000428.SZ
NoneType: None
[2019-06-06 16:58:58,519[daily_basic] ERROR: code=000429.SZ
NoneType: None
[2019-06-06 16:58:59,672[daily_basic] ERROR: code=000430.SZ
NoneType: None
[2019-06-06 16:59:00,781[daily_basic] ERROR: code=000488.SZ
NoneType: None
[2019-06-06 16:59:01,972[daily_basic] ERROR: code=000498.SZ
NoneType: None
[2019-06-06 16:59:03,084[daily_basic] ERROR: code=000501.SZ
NoneType: None
[2019-06-06 16:59:04,366[daily_basic] ERROR: code=000502.SZ
NoneType: None
[2019-06-06 16:59:05,857[daily_basic] ERROR: code=000503.SZ
NoneType: None
[2019-06-06 16:59:06,966[daily_basic] ERROR: code=000504.SZ
NoneType: None
[2019-06-06 16:59:08,198[daily_basic] ERROR: code=000505.SZ
NoneType: None
[2019-06-06 16:59:09,196[daily_basic] ERROR: code=000506.SZ
NoneType: None
[2019-06-06 16:59:10,705[daily_basic] ERROR: code=000507.SZ
NoneType: None
[2019-06-06 16:59:11,760[daily_basic] ERROR: code=000509.SZ
NoneType: None
[2019-06-06 16:59:13,021[daily_basic] ERROR: code=000510.SZ
NoneType: None
[2019-06-06 16:59:14,096[daily_basic] ERROR: code=000513.SZ
NoneType: None
[2019-06-06 16:59:15,203[daily_basic] ERROR: code=000514.SZ
NoneType: None
[2019-06-06 16:59:16,456[daily_basic] ERROR: code=000516.SZ
NoneType: None
[2019-06-06 16:59:17,486[daily_basic] ERROR: code=000517.SZ
NoneType: None
[2019-06-06 16:59:18,586[daily_basic] ERROR: code=000518.SZ
NoneType: None
[2019-06-06 16:59:19,790[daily_basic] ERROR: code=000519.SZ
NoneType: None
[2019-06-06 16:59:20,865[daily_basic] ERROR: code=000520.SZ
NoneType: None
[2019-06-06 16:59:22,115[daily_basic] ERROR: code=000521.SZ
NoneType: None
[2019-06-06 16:59:23,538[daily_basic] ERROR: code=000523.SZ
NoneType: None
[2019-06-06 16:59:24,851[daily_basic] ERROR: code=000524.SZ
NoneType: None
[2019-06-06 16:59:26,021[daily_basic] ERROR: code=000525.SZ
NoneType: None
[2019-06-06 16:59:27,197[daily_basic] ERROR: code=000526.SZ
NoneType: None
[2019-06-06 16:59:28,574[daily_basic] ERROR: code=000528.SZ
NoneType: None
[2019-06-06 16:59:29,390[daily_basic] ERROR: code=000529.SZ
NoneType: None
[2019-06-06 16:59:30,535[daily_basic] ERROR: code=000530.SZ
NoneType: None
[2019-06-06 16:59:31,717[daily_basic] ERROR: code=000531.SZ
NoneType: None
[2019-06-06 16:59:32,859[daily_basic] ERROR: code=000532.SZ
NoneType: None
[2019-06-06 16:59:33,957[daily_basic] ERROR: code=000533.SZ
NoneType: None
[2019-06-06 16:59:35,023[daily_basic] ERROR: code=000534.SZ
NoneType: None
[2019-06-06 16:59:35,921[daily_basic] ERROR: code=000536.SZ
NoneType: None
[2019-06-06 16:59:37,095[daily_basic] ERROR: code=000537.SZ
NoneType: None
[2019-06-06 16:59:38,328[daily_basic] ERROR: code=000538.SZ
NoneType: None
[2019-06-06 16:59:39,631[daily_basic] ERROR: code=000539.SZ
NoneType: None
[2019-06-06 16:59:40,919[daily_basic] ERROR: code=000540.SZ
NoneType: None
[2019-06-06 16:59:42,132[daily_basic] ERROR: code=000541.SZ
NoneType: None
[2019-06-06 16:59:43,243[daily_basic] ERROR: code=000543.SZ
NoneType: None
